<?xml version="1.0" encoding="UTF-8"?>
<!-- Generated by org.testng.reporters.JUnitReportReporter -->
<testsuite skipped="0" hostname="DESKTOP-C682D0O" name="CricBuzz.CricBuzz.Cricbuzz" tests="1" failures="0" timestamp="15 Apr 2018 17:48:29 GMT" time="12.496" errors="0">
  <testcase name="cricbuzztest" time="12.496" classname="CricBuzz.CricBuzz.Cricbuzz"/>
</testsuite> <!-- CricBuzz.CricBuzz.Cricbuzz -->
