<?xml version="1.0" encoding="UTF-8"?>
<!-- Generated by org.testng.reporters.JUnitReportReporter -->
<testsuite skipped="0" hostname="DESKTOP-C682D0O" name="CricBuzz.CricBuzz.Cricbuzz" tests="1" failures="0" timestamp="15 Apr 2018 18:45:23 GMT" time="13.321" errors="0">
  <testcase name="cricbuzztest" time="13.321" classname="CricBuzz.CricBuzz.Cricbuzz"/>
</testsuite> <!-- CricBuzz.CricBuzz.Cricbuzz -->
